bubblewrap-kristian-tan.github.io/app/build/outputs/mapping/release/seeds.txt
io.github.kristiantan.pwa.Application
io.github.kristiantan.pwa.LauncherActivity: LauncherActivity()
io.github.kristiantan.pwa.LauncherActivity
io.github.kristiantan.pwa.Application: Application()
...
androidx.annotation.Keep
androidx.browser.R$dimen: int compat_button_inset_horizontal_material
com.google.androidbrowserhelper.trusted.WebViewFallbackActivity: WebViewFallbackActivity()
androidx.browser.R$dimen: int notification_main_column_padding_top
com.google.androidbrowserhelper.R$string: int no_provider_toast
androidx.core.graphics.drawable.IconCompatParcelizer: void write(androidx.core.graphics.drawable.IconCompat,androidx.versionedparcelable.VersionedParcel)
androidx.browser.trusted.TrustedWebActivityService: TrustedWebActivityService()
androidx.browser.R$dimen: int compat_button_inset_vertical_material
androidx.core.app.RemoteActionCompatParcelizer: RemoteActionCompatParcelizer()
androidx.browser.R$dimen: int notification_small_icon_background_padding
androidx.core.app.RemoteActionCompatParcelizer
com.google.androidbrowserhelper.R$drawable: int notification_bg_low_normal
androidx.browser.R$dimen: int notification_subtext_size
com.google.androidbrowserhelper.R$drawable: int notify_panel_notification_icon_bg
com.google.androidbrowserhelper.R$drawable: int ic_site_settings
com.google.androidbrowserhelper.R$drawable: int notification_icon_background
androidx.browser.R$dimen: int compat_button_padding_horizontal_material
com.google.androidbrowserhelper.trusted.ManageDataLauncherActivity: ManageDataLauncherActivity()
com.google.androidbrowserhelper.R$string: int manage_space_no_data_toast
com.google.androidbrowserhelper.R$string: int status_bar_notification_info_overflow
androidx.core.graphics.drawable.IconCompatParcelizer: IconCompatParcelizer()
androidx.browser.R$dimen: int notification_right_icon_size
androidx.core.app.CoreComponentFactory: CoreComponentFactory()
androidx.core.app.RemoteActionCompatParcelizer: void write(androidx.core.app.RemoteActionCompat,androidx.versionedparcelable.VersionedParcel)
androidx.browser.R$dimen: int notification_action_text_size
com.google.androidbrowserhelper.R$drawable: int notification_bg_low
androidx.browser.R$dimen: int browser_actions_context_menu_min_padding
androidx.core.content.FileProvider
android.support.v4.app.RemoteActionCompatParcelizer: void write(androidx.core.app.RemoteActionCompat,androidx.versionedparcelable.VersionedParcel)
androidx.browser.R$dimen: int compat_notification_large_icon_max_width
android.support.v4.graphics.drawable.IconCompatParcelizer: androidx.core.graphics.drawable.IconCompat read(androidx.versionedparcelable.VersionedParcel)
com.google.androidbrowserhelper.R$drawable: int notification_bg_low_pressed
androidx.lifecycle.CompositeGeneratedAdaptersObserver
android.support.v4.app.RemoteActionCompatParcelizer
com.google.androidbrowserhelper.trusted.DelegationService
androidx.browser.browseractions.BrowserActionsFallbackMenuView
androidx.browser.R$dimen: int compat_notification_large_icon_max_height
androidx.core.app.CoreComponentFactory
androidx.browser.R$dimen: int notification_top_pad_large_text
androidx.versionedparcelable.CustomVersionedParcelable: CustomVersionedParcelable()
android.support.v4.graphics.drawable.IconCompatParcelizer: IconCompatParcelizer()
com.google.androidbrowserhelper.R$drawable: int notification_bg_normal_pressed
com.google.androidbrowserhelper.trusted.DelegationService: DelegationService()
android.support.v4.app.RemoteActionCompatParcelizer: androidx.core.app.RemoteActionCompat read(androidx.versionedparcelable.VersionedParcel)
androidx.browser.R$dimen: int compat_control_corner_material
com.google.androidbrowserhelper.R$string: int manage_space_not_supported_toast
com.google.androidbrowserhelper.R$drawable: int notification_tile_bg
androidx.core.app.RemoteActionCompat
com.google.androidbrowserhelper.R$string: int fallback_menu_item_copy_link
android.support.v4.graphics.drawable.IconCompatParcelizer
com.google.androidbrowserhelper.trusted.ManageDataLauncherActivity
com.google.androidbrowserhelper.R$string: int app_name
androidx.core.graphics.drawable.IconCompat: IconCompat()