bubblewrap-kristian-tan.github.io/app/build/outputs/mapping/release/usage.txt
io.github.kristiantan.pwa.R$xml
io.github.kristiantan.pwa.R$dimen
io.github.kristiantan.pwa.R
io.github.kristiantan.pwa.R$drawable
io.github.kristiantan.pwa.R$raw
io.github.kristiantan.pwa.R$attr
io.github.kristiantan.pwa.R$bool
io.github.kristiantan.pwa.R$style
io.github.kristiantan.pwa.R$id
io.github.kristiantan.pwa.R$styleable
io.github.kristiantan.pwa.R$color
io.github.kristiantan.pwa.BuildConfig
io.github.kristiantan.pwa.R$integer
io.github.kristiantan.pwa.R$string
io.github.kristiantan.pwa.R$layout
io.github.kristiantan.pwa.R$mipmap
...
com.google.common.util.concurrent.ListenableFuture
androidx.core.graphics.TypefaceCompatApi28Impl
androidx.core.util.DebugUtils
androidx.core.app.NotificationCompat
androidx.lifecycle.SingleGeneratedAdapterObserver:
    void <init>(androidx.lifecycle.GeneratedAdapter)
    public void onStateChanged(androidx.lifecycle.LifecycleOwner,androidx.lifecycle.Lifecycle$Event)
    private final androidx.lifecycle.GeneratedAdapter mGeneratedAdapter
androidx.core.util.Pools$Pool
android.support.customtabs.trusted.ITrustedWebActivityService$Stub$Proxy
androidx.core.view.OnApplyWindowInsetsListener
androidx.core.content.pm.PermissionInfoCompat$ProtectionFlags
androidx.versionedparcelable.R
androidx.core.app.NotificationManagerCompat:
    public static java.util.Set getEnabledListenerPackages(android.content.Context)
    private static boolean useSideChannelForNotification(android.app.Notification)
    private void pushSideChannelQueue(androidx.core.app.NotificationManagerCompat$Task)
    public void cancel(int)
    public void cancel(java.lang.String,int)
    public void cancelAll()
    public void notify(int,android.app.Notification)
    public void notify(java.lang.String,int,android.app.Notification)
    public int getImportance()
    public void createNotificationChannel(android.app.NotificationChannel)
    public void createNotificationChannelGroup(android.app.NotificationChannelGroup)
    public void createNotificationChannels(java.util.List)
    public void createNotificationChannelGroups(java.util.List)
    public void deleteNotificationChannel(java.lang.String)
    public void deleteNotificationChannelGroup(java.lang.String)
    public android.app.NotificationChannel getNotificationChannel(java.lang.String)
    public android.app.NotificationChannelGroup getNotificationChannelGroup(java.lang.String)
    public java.util.List getNotificationChannels()
    public java.util.List getNotificationChannelGroups()
    private static final java.lang.String TAG
    private static final java.lang.String CHECK_OP_NO_THROW
    private static final java.lang.String OP_POST_NOTIFICATION
    public static final java.lang.String EXTRA_USE_SIDE_CHANNEL
androidx.lifecycle.ClassesInfoCache$CallbackInfo
androidx.core.app.RemoteInput$Source
com.google.androidbrowserhelper.trusted.splashscreens.PwaWrapperSplashScreenStrategy:
    private static final java.lang.String TAG
androidx.interpolator.view.animation.FastOutSlowInInterpolator
androidx.core.provider.FontsContractCompat$FontRequestCallback$FontRequestFailReason
androidx.annotation.RequiresPermission
android.support.customtabs.IPostMessageService
androidx.core.app.NotificationManagerCompat$CancelTask
androidx.core.util.LogWriter
androidx.browser.trusted.ConnectionHolder$WrapperFactory
androidx.browser.browseractions.BrowserActionsIntent$BrowserActionsItemId
androidx.core.widget.NestedScrollView
androidx.collection.ArraySet
androidx.core.text.util.LinkifyCompat$1
androidx.core.app.NotificationCompat$Builder
androidx.core.net.ConnectivityManagerCompat$RestrictBackgroundStatus
androidx.core.provider.SelfDestructiveThread$3
androidx.core.util.Pools
androidx.lifecycle.LifecycleObserver
androidx.core.view.KeyEventDispatcher$Component
androidx.core.os.OperationCanceledException
androidx.annotation.MenuRes
com.google.androidbrowserhelper.R$integer
androidx.core.graphics.TypefaceCompatApi21Impl
androidx.versionedparcelable.VersionedParcelize
androidx.collection.LongSparseArray
android.support.customtabs.ICustomTabsCallback$Stub:
    public static android.support.customtabs.ICustomTabsCallback asInterface(android.os.IBinder)
    private static final java.lang.String DESCRIPTOR
    static final int TRANSACTION_onNavigationEvent
    static final int TRANSACTION_extraCallback
    static final int TRANSACTION_onMessageChannelReady
    static final int TRANSACTION_onPostMessage
    static final int TRANSACTION_onRelationshipValidationResult
    static final int TRANSACTION_extraCallbackWithResult